<?xml version="1.0" encoding="UTF-8"?>
<testsuite name="InitControllerTest" tests="2" skipped="0" failures="0" errors="0" timestamp="2019-11-26T17:45:01" hostname="DESKTOP-S2RRIU0" time="0.002">
  <properties/>
  <testcase name="jgitCloneRepository" classname="InitControllerTest" time="0.001"/>
  <testcase name="jgitDeleteRepository" classname="InitControllerTest" time="0.0"/>
  <system-out><![CDATA[]]></system-out>
  <system-err><![CDATA[]]></system-err>
</testsuite>
